<?xml version="1.0" encoding="UTF-8"?>
<!-- Generated by org.testng.reporters.JUnitReportReporter -->
<testsuite hostname="Lenovo-PC" name="tests.BaseTest" tests="1" failures="0" timestamp="23 Jan 2017 18:30:52 GMT" time="0.132" errors="0">
  <testcase name="openBrowser" time="0.132" classname="tests.BaseTest"/>
</testsuite> <!-- tests.BaseTest -->
